************************************************************************************************************************
***********************************************  RUN METADATA **********************************************************
************************************************************************************************************************

Job Start: Thu Mar 20 10:01:01 EDT 2025
Compile End: Thu Mar 20 10:01:11 EDT 2025
Job End: Thu Mar 20 10:01:25 EDT 2025



************************************************************************************************************************
************************************************ COMPILE NODE INFORMATION **********************************************
************************************************************************************************************************


************************************************************************************************************************
****************************************** EXECUTE NODE SYSTEM INFORMATION *********************************************
************************************************************************************************************************

Execution Start: Thu Mar 20 14:01:17 UTC 2025

  MD5 Data Hash: afe4e16841734ff94e4e5718acce8504  acop2.csv

************************************************************************************************************************
**********************************************  CONTROL STREAM *********************************************************
************************************************************************************************************************

;; 2. Description: PK model 1 cmt base
;; x1. Author: Will Hane
;; Based on: run322.mod
$PROBLEM    PK model 1 cmt base with weight effect
$INPUT      ID TIME MDV EVID DV AMT SEX WT ETN TRT AGE SMOKING
            DIABETES BMI BSA CLCR
$DATA      acop2.csv IGNORE=@
$SUBROUTINE ADVAN2 TRANS2
$PK
ET=1
IF(ETN.EQ.3) ET=1.3
KA = THETA(1) + THETA(8)*SEX
CL = THETA(2)*(WT/70)**THETA(6)*EXP(ETA(1))
V = THETA(3)*(WT/70)**THETA(7)*EXP(ETA(2))
SC=V

$THETA  (0,2) ; THETA1: Absorption rate constant
 (0,20) ; THETA2: Clearance
 (0,100) ; THETA3: Central Volume
 0.02 ; RUVp
 1 ; RUVa
 0.75 ; THETA6: Body weight effect on CL
 1.0 ; THETA7: Body weight effect on V
 0.1 ; THETA8: Sex effect on KA
$OMEGA  0.05  ; Random variability for CL
 0.2  ; Random variability for V
$SIGMA  1  FIX
$ERROR
IPRED = F
IRES = DV-IPRED
W = IPRED*THETA(4) + THETA(5)
IF (W.EQ.0) W = 1
IWRES = IRES/W ; Weighted residual error
Y= IPRED+W*ERR(1)

$ESTIMATION METHOD=1 INTERACTION MAXEVAL=99999 NSIG=3 PRINT=5 NOABORT
            POSTHOC MSFO=msf326
$COVARIANCE PRINT=E
;$SIM (1234) NSUBPROBLEMS=1 ONLYSIM
$TABLE      ID TIME DV MDV EVID IPRED IRES IWRES CPRED CWRES CPREDI
            CWRESI ETA1 ETA2 ONEHEADER NOPRINT FILE=sdtab326
$TABLE      ID CL V ONEHEADER NOPRINT FILE=patab326
$TABLE      ID SEX ETN ONEHEADER NOPRINT FILE=catab326
$TABLE      ID WT ONEHEADER NOPRINT FILE=cotab326
$TABLE      ID CL V SEX ETN WT TRT AGE SMOKING DIABETES BMI BSA CLCR
            ONEHEADER NOPRINT FILE=mytab326

************************************************************************************************************************
*********************************************** NMTRAN MESSAGES ********************************************************
************************************************************************************************************************


 WARNINGS AND ERRORS (IF ANY) FOR PROBLEM    1

 (WARNING  2) NM-TRAN INFERS THAT THE DATA ARE POPULATION.

************************************************************************************************************************
*********************************************** NONMEM EXECUTION *******************************************************
************************************************************************************************************************

License Registered to: Johnson Johnson PRD Grid Account
Expiration Date:    14 FEB 2026
Current Date:       20 MAR 2025
Days until program expires : 329
1NONLINEAR MIXED EFFECTS MODEL PROGRAM (NONMEM) VERSION 7.4.3
 ORIGINALLY DEVELOPED BY STUART BEAL, LEWIS SHEINER, AND ALISON BOECKMANN
 CURRENT DEVELOPERS ARE ROBERT BAUER, ICON DEVELOPMENT SOLUTIONS,
 AND ALISON BOECKMANN. IMPLEMENTATION, EFFICIENCY, AND STANDARDIZATION
 PERFORMED BY NOUS INFOSYSTEMS.

 PROBLEM NO.:         1
 PK model 1 cmt base with weight effect
0DATA CHECKOUT RUN:              NO
 DATA SET LOCATED ON UNIT NO.:    2
 THIS UNIT TO BE REWOUND:        NO
 NO. OF DATA RECS IN DATA SET:      799
 NO. OF DATA ITEMS IN DATA SET:  16
 ID DATA ITEM IS DATA ITEM NO.:   1
 DEP VARIABLE IS DATA ITEM NO.:   5
 MDV DATA ITEM IS DATA ITEM NO.:  3
0INDICES PASSED TO SUBROUTINE PRED:
   4   2   6   0   0   0   0   0   0   0   0
0LABELS FOR DATA ITEMS:
 ID TIME MDV EVID DV AMT SEX WT ETN TRT AGE SMOKING DIABETES BMI BSA CLCR
0(NONBLANK) LABELS FOR PRED-DEFINED ITEMS:
 CL V IPRED IRES IWRES
0FORMAT FOR DATA:
 (3(4E17.0/),4E17.0)

 TOT. NO. OF OBS RECS:      760
 TOT. NO. OF INDIVIDUALS:       40
0LENGTH OF THETA:   8
0DEFAULT THETA BOUNDARY TEST OMITTED:    NO
0OMEGA HAS SIMPLE DIAGONAL FORM WITH DIMENSION:   2
0DEFAULT OMEGA BOUNDARY TEST OMITTED:    NO
0SIGMA HAS SIMPLE DIAGONAL FORM WITH DIMENSION:   1
0DEFAULT SIGMA BOUNDARY TEST OMITTED:    NO
0INITIAL ESTIMATE OF THETA:
 LOWER BOUND    INITIAL EST    UPPER BOUND
  0.0000E+00     0.2000E+01     0.1000E+07
  0.0000E+00     0.2000E+02     0.1000E+07
  0.0000E+00     0.1000E+03     0.1000E+07
 -0.1000E+07     0.2000E-01     0.1000E+07
 -0.1000E+07     0.1000E+01     0.1000E+07
 -0.1000E+07     0.7500E+00     0.1000E+07
 -0.1000E+07     0.1000E+01     0.1000E+07
 -0.1000E+07     0.1000E+00     0.1000E+07
0INITIAL ESTIMATE OF OMEGA:
 0.5000E-01
 0.0000E+00   0.2000E+00
0INITIAL ESTIMATE OF SIGMA:
 0.1000E+01
0SIGMA CONSTRAINED TO BE THIS INITIAL ESTIMATE
0COVARIANCE STEP OMITTED:        NO
 EIGENVLS. PRINTED:             YES
 SPECIAL COMPUTATION:            NO
 COMPRESSED FORMAT:              NO
 GRADIENT METHOD USED:     NOSLOW
 SIGDIGITS ETAHAT (SIGLO):                  -1
 SIGDIGITS GRADIENTS (SIGL):                -1
 EXCLUDE COV FOR FOCE (NOFCOV):              NO
 TURN OFF Cholesky Transposition of R Matrix (CHOLROFF): NO
 KNUTHSUMOFF:                                -1
 RESUME COV ANALYSIS (RESUME):               NO
 SIR SAMPLE SIZE (SIRSAMPLE):              -1
 NON-LINEARLY TRANSFORM THETAS DURING COV (THBND): 1
 PRECONDTIONING CYCLES (PRECOND):        0
 PRECONDTIONING TYPES (PRECONDS):        TOS
 FORCED PRECONDTIONING CYCLES (PFCOND):0
 PRECONDTIONING TYPE (PRETYPE):        0
 FORCED POS. DEFINITE SETTING: (FPOSDEF):0
0TABLES STEP OMITTED:    NO
 NO. OF TABLES:           5
 SEED NUMBER (SEED):    11456
 RANMETHOD:             3U
 MC SAMPLES (ESAMPLE):    300
 WRES SQUARE ROOT TYPE (WRESCHOL): EIGENVALUE
0-- TABLE   1 --
0RECORDS ONLY:    ALL
04 COLUMNS APPENDED:    YES
 PRINTED:                NO
 HEADER:                YES
 FILE TO BE FORWARDED:   NO
 FORMAT:                S1PE11.4
 LFORMAT:
 RFORMAT:
 FIXED_EFFECT_ETAS:
0USER-CHOSEN ITEMS:
 ID TIME DV MDV EVID IPRED IRES IWRES CPRED CWRES CPREDI CWRESI ETA1 ETA2
0-- TABLE   2 --
0RECORDS ONLY:    ALL
04 COLUMNS APPENDED:    YES
 PRINTED:                NO
 HEADER:                YES
 FILE TO BE FORWARDED:   NO
 FORMAT:                S1PE11.4
 LFORMAT:
 RFORMAT:
 FIXED_EFFECT_ETAS:
0USER-CHOSEN ITEMS:
 ID CL V
0-- TABLE   3 --
0RECORDS ONLY:    ALL
04 COLUMNS APPENDED:    YES
 PRINTED:                NO
 HEADER:                YES
 FILE TO BE FORWARDED:   NO
 FORMAT:                S1PE11.4
 LFORMAT:
 RFORMAT:
 FIXED_EFFECT_ETAS:
0USER-CHOSEN ITEMS:
 ID SEX ETN
0-- TABLE   4 --
0RECORDS ONLY:    ALL
04 COLUMNS APPENDED:    YES
 PRINTED:                NO
 HEADER:                YES
 FILE TO BE FORWARDED:   NO
 FORMAT:                S1PE11.4
 LFORMAT:
 RFORMAT:
 FIXED_EFFECT_ETAS:
0USER-CHOSEN ITEMS:
 ID WT
0-- TABLE   5 --
0RECORDS ONLY:    ALL
04 COLUMNS APPENDED:    YES
 PRINTED:                NO
 HEADER:                YES
 FILE TO BE FORWARDED:   NO
 FORMAT:                S1PE11.4
 LFORMAT:
 RFORMAT:
 FIXED_EFFECT_ETAS:
0USER-CHOSEN ITEMS:
 ID CL V SEX ETN WT TRT AGE SMOKING DIABETES BMI BSA CLCR
1DOUBLE PRECISION PREDPP VERSION 7.4.3

 ONE COMPARTMENT MODEL WITH FIRST-ORDER ABSORPTION (ADVAN2)
0MAXIMUM NO. OF BASIC PK PARAMETERS:   3
0BASIC PK PARAMETERS (AFTER TRANSLATION):
   ELIMINATION RATE (K) IS BASIC PK PARAMETER NO.:  1
   ABSORPTION RATE (KA) IS BASIC PK PARAMETER NO.:  3

 TRANSLATOR WILL CONVERT PARAMETERS
 CLEARANCE (CL) AND VOLUME (V) TO K (TRANS2)
0COMPARTMENT ATTRIBUTES
 COMPT. NO.   FUNCTION   INITIAL    ON/OFF      DOSE      DEFAULT    DEFAULT
                         STATUS     ALLOWED    ALLOWED    FOR DOSE   FOR OBS.
    1         DEPOT        OFF        YES        YES        YES        NO
    2         CENTRAL      ON         NO         YES        NO         YES
    3         OUTPUT       OFF        YES        NO         NO         NO
1
 ADDITIONAL PK PARAMETERS - ASSIGNMENT OF ROWS IN GG
 COMPT. NO.                             INDICES
              SCALE      BIOAVAIL.   ZERO-ORDER  ZERO-ORDER  ABSORB
                         FRACTION    RATE        DURATION    LAG
    1            *           *           *           *           *
    2            4           *           *           *           *
    3            *           -           -           -           -
             - PARAMETER IS NOT ALLOWED FOR THIS MODEL
             * PARAMETER IS NOT SUPPLIED BY PK SUBROUTINE;
               WILL DEFAULT TO ONE IF APPLICABLE
0DATA ITEM INDICES USED BY PRED ARE:
   EVENT ID DATA ITEM IS DATA ITEM NO.:      4
   TIME DATA ITEM IS DATA ITEM NO.:          2
   DOSE AMOUNT DATA ITEM IS DATA ITEM NO.:   6

0PK SUBROUTINE CALLED WITH EVERY EVENT RECORD.
 PK SUBROUTINE NOT CALLED AT NONEVENT (ADDITIONAL OR LAGGED) DOSE TIMES.
0ERROR SUBROUTINE CALLED WITH EVERY EVENT RECORD.
1


 #TBLN:      1
 #METH: First Order Conditional Estimation with Interaction

 ESTIMATION STEP OMITTED:                 NO
 ANALYSIS TYPE:                           POPULATION
 NUMBER OF SADDLE POINT RESET ITERATIONS:      0
 GRADIENT METHOD USED:               NOSLOW
 CONDITIONAL ESTIMATES USED:              YES
 CENTERED ETA:                            NO
 EPS-ETA INTERACTION:                     YES
 LAPLACIAN OBJ. FUNC.:                    NO
 NO. OF FUNCT. EVALS. ALLOWED:            99999
 NO. OF SIG. FIGURES REQUIRED:            3
 INTERMEDIATE PRINTOUT:                   YES
 ESTIMATE OUTPUT TO MSF:                  YES
 ABORT WITH PRED EXIT CODE 1:             NO
 IND. OBJ. FUNC. VALUES SORTED:           NO
 NUMERICAL DERIVATIVE
       FILE REQUEST (NUMDER):               NONE
 MAP (ETAHAT) ESTIMATION METHOD (OPTMAP):   0
 ETA HESSIAN EVALUATION METHOD (ETADER):    0
 INITIAL ETA FOR MAP ESTIMATION (MCETA):    0
 SIGDIGITS FOR MAP ESTIMATION (SIGLO):      100
 GRADIENT SIGDIGITS OF
       FIXED EFFECTS PARAMETERS (SIGL):     100
 NOPRIOR SETTING (NOPRIOR):                 OFF
 NOCOV SETTING (NOCOV):                     OFF
 DERCONT SETTING (DERCONT):                 OFF
 FINAL ETA RE-EVALUATION (FNLETA):          ON
 EXCLUDE NON-INFLUENTIAL (NON-INFL.) ETAS
       IN SHRINKAGE (ETASTYPE):             NO
 NON-INFL. ETA CORRECTION (NONINFETA):      OFF
 RAW OUTPUT FILE (FILE): psn.ext
 EXCLUDE TITLE (NOTITLE):                   NO
 EXCLUDE COLUMN LABELS (NOLABEL):           NO
 FORMAT FOR ADDITIONAL FILES (FORMAT):      S1PE12.5
 PARAMETER ORDER FOR OUTPUTS (ORDER):       TSOL
 WISHART PRIOR DF INTERPRETATION (WISHTYPE):0
 KNUTHSUMOFF:                               0
 INCLUDE LNTWOPI:                           NO
 INCLUDE CONSTANT TERM TO PRIOR (PRIORC):   NO
 INCLUDE CONSTANT TERM TO OMEGA (ETA) (OLNTWOPI):NO
 ADDITIONAL CONVERGENCE TEST (CTYPE=4)?:    NO
 EM OR BAYESIAN METHOD USED:                 NONE


 THE FOLLOWING LABELS ARE EQUIVALENT
 PRED=PREDI
 RES=RESI
 WRES=WRESI
 IWRS=IWRESI
 IPRD=IPREDI
 IRS=IRESI

 MONITORING OF SEARCH:


0ITERATION NO.:    0    OBJECTIVE VALUE:   8440.80453682122        NO. OF FUNC. EVALS.:  10
 CUMULATIVE NO. OF FUNC. EVALS.:       10
 NPARAMETR:  2.0000E+00  2.0000E+01  1.0000E+02  2.0000E-02  1.0000E+00  7.5000E-01  1.0000E+00  1.0000E-01  5.0000E-02  2.0000E-01

 PARAMETER:  1.0000E-01  1.0000E-01  1.0000E-01  1.0000E-01  1.0000E-01  1.0000E-01  1.0000E-01  1.0000E-01  1.0000E-01  1.0000E-01

 GRADIENT:  -6.7173E+02 -1.4066E+03 -7.2313E+02 -5.3492E+03 -1.0726E+05  3.5169E+03  2.7244E+03 -1.1428E+02 -1.3877E+03 -1.3649E+03


0ITERATION NO.:    5    OBJECTIVE VALUE:   2801.00111633322        NO. OF FUNC. EVALS.:  60
 CUMULATIVE NO. OF FUNC. EVALS.:       70
 NPARAMETR:  2.1720E+00  2.4989E+01  1.1948E+02 -5.6012E-02  4.1258E+00 -1.1371E+00 -4.5029E+00  9.6483E-02  7.2479E-02  4.4838E-01

 PARAMETER:  1.8251E-01  3.2271E-01  2.7797E-01 -2.8006E-01  4.1258E-01 -1.5162E-01 -4.5029E-01  9.6483E-02  2.8564E-01  5.0366E-01

 GRADIENT:  -7.4449E+01 -1.0047E+02  3.3322E+01  4.1188E+02  8.0104E+02 -9.4918E+01 -2.3380E+02  8.7325E+00 -9.7841E+01 -6.3826E+01


0ITERATION NO.:   10    OBJECTIVE VALUE:   2772.92942100996        NO. OF FUNC. EVALS.:  83
 CUMULATIVE NO. OF FUNC. EVALS.:      153
 NPARAMETR:  2.9553E+00  6.4923E+01  5.8537E+01 -5.3531E-02  4.1121E+00  1.1053E+00 -5.8965E+00 -1.0723E+00  5.5246E-02  5.8516E-01

 PARAMETER:  4.9047E-01  1.2775E+00 -4.3552E-01 -2.6766E-01  4.1121E-01  1.4737E-01 -5.8965E-01 -1.0723E+00  1.4988E-01  6.3678E-01

 GRADIENT:  -4.4654E+01  3.1731E+01 -8.2557E+00  4.2659E+02  8.2062E+02 -4.3337E+01 -2.1011E+02 -3.7010E+01 -1.2680E+00 -8.2422E+01


0ITERATION NO.:   15    OBJECTIVE VALUE:   2694.65668276214        NO. OF FUNC. EVALS.: 136
 CUMULATIVE NO. OF FUNC. EVALS.:      289
 NPARAMETR:  2.3023E+00  6.3744E+01  1.1724E+02 -7.8723E-02  4.1546E+00  9.1995E-01 -4.0921E+00 -9.3838E-02  8.0328E-02  8.1783E-01

 PARAMETER:  2.4078E-01  1.2591E+00  2.5906E-01 -3.9362E-01  4.1546E-01  1.2266E-01 -4.0921E-01 -9.3838E-02  3.3705E-01  8.0417E-01

 GRADIENT:  -6.6567E+00  5.1698E+01  2.2801E+00  8.6467E+01  2.0469E+02 -1.3286E+02 -1.2503E+02  1.4805E+01 -7.4165E+00  1.5175E+01


0ITERATION NO.:   20    OBJECTIVE VALUE:   2641.98309145141        NO. OF FUNC. EVALS.: 134
 CUMULATIVE NO. OF FUNC. EVALS.:      423
 NPARAMETR:  2.8757E+00  5.3685E+01  5.0584E+02 -8.6428E-02  4.1396E+00  8.2014E-01  2.4831E-01 -6.7610E-01  1.1931E-01  1.5080E-01

 PARAMETER:  4.6316E-01  1.0874E+00  1.7211E+00 -4.3214E-01  4.1396E-01  1.0935E-01  2.4831E-02 -6.7610E-01  5.3485E-01 -4.1194E-02

 GRADIENT:   1.0128E+02 -8.5531E+00 -7.9616E+00 -2.1125E+02 -4.6073E+02  1.8830E+01  6.9273E+01  5.7185E+00  1.7690E+01 -9.3306E-02


0ITERATION NO.:   25    OBJECTIVE VALUE:   2631.85101704326        NO. OF FUNC. EVALS.: 130
 CUMULATIVE NO. OF FUNC. EVALS.:      553
 NPARAMETR:  2.5535E+00  5.7975E+01  4.5979E+02 -8.1673E-02  4.1494E+00  9.0162E-01 -2.3695E-02 -4.0328E-01  8.2095E-02  1.5114E-01

 PARAMETER:  3.4430E-01  1.1643E+00  1.6256E+00 -4.0836E-01  4.1494E-01  1.2022E-01 -2.3695E-03 -4.0328E-01  3.4792E-01 -4.0053E-02

 GRADIENT:   1.9401E+00  1.8820E+00 -1.6913E+00  1.5229E+00  5.4710E+00 -1.0076E+00  8.2567E+00  4.0422E-01  7.2666E-01  1.6710E-01


0ITERATION NO.:   30    OBJECTIVE VALUE:   2631.83373292285        NO. OF FUNC. EVALS.: 132
 CUMULATIVE NO. OF FUNC. EVALS.:      685
 NPARAMETR:  2.5530E+00  5.7366E+01  4.5907E+02 -8.1643E-02  4.1478E+00  8.7875E-01 -3.8392E-02 -4.0468E-01  8.0752E-02  1.5077E-01

 PARAMETER:  3.4414E-01  1.1537E+00  1.6240E+00 -4.0821E-01  4.1478E-01  1.1717E-01 -3.8392E-03 -4.0468E-01  3.3968E-01 -4.1281E-02

 GRADIENT:  -4.8954E-02 -5.7766E-02  2.3169E-02  2.0917E-01  1.2299E+00  1.7344E-01 -3.4912E-02  5.4976E-03  9.1600E-03 -4.1492E-02


0ITERATION NO.:   32    OBJECTIVE VALUE:   2631.83365722844        NO. OF FUNC. EVALS.:  42
 CUMULATIVE NO. OF FUNC. EVALS.:      727
 NPARAMETR:  2.5532E+00  5.7368E+01  4.5899E+02 -8.1613E-02  4.1469E+00  8.7856E-01 -3.8710E-02 -4.0489E-01  8.0729E-02  1.5086E-01

 PARAMETER:  3.4419E-01  1.1538E+00  1.6239E+00 -4.0806E-01  4.1469E-01  1.1714E-01 -3.8710E-03 -4.0489E-01  3.3954E-01 -4.0974E-02

 GRADIENT:  -6.4538E-03  3.1928E-03 -5.6866E-03 -2.1257E-02 -4.6179E-02 -1.2694E-02  1.2671E-02 -5.4914E-04  5.8070E-04  3.1739E-03


 #TERM:
0MINIMIZATION SUCCESSFUL
 NO. OF FUNCTION EVALUATIONS USED:      727
 NO. OF SIG. DIGITS IN FINAL EST.:  3.7

 ETABAR IS THE ARITHMETIC MEAN OF THE ETA-ESTIMATES,
 AND THE P-VALUE IS GIVEN FOR THE NULL HYPOTHESIS THAT THE TRUE MEAN IS 0.

 ETABAR:         1.1335E-03 -6.0717E-03
 SE:             3.5697E-02  5.9400E-02
 N:                      40          40

 P VAL.:         9.7467E-01  9.1858E-01

 ETASHRINKSD(%)  1.9528E+01  2.0461E+00
 ETASHRINKVR(%)  3.5243E+01  4.0504E+00
 EBVSHRINKSD(%)  2.0563E+01  2.5452E+00
 EBVSHRINKVR(%)  3.6897E+01  5.0256E+00
 EPSSHRINKSD(%)  4.0050E+00
 EPSSHRINKVR(%)  7.8497E+00


 TOTAL DATA POINTS NORMALLY DISTRIBUTED (N):          760
 N*LOG(2PI) CONSTANT TO OBJECTIVE FUNCTION:    1396.78657047110
 OBJECTIVE FUNCTION VALUE WITHOUT CONSTANT:    2631.83365722844
 OBJECTIVE FUNCTION VALUE WITH CONSTANT:       4028.62022769954
 REPORTED OBJECTIVE FUNCTION DOES NOT CONTAIN CONSTANT

 TOTAL EFFECTIVE ETAS (NIND*NETA):                            80

 #TERE:
 Elapsed estimation  time in seconds:     4.70
 Elapsed covariance  time in seconds:     1.70
 Elapsed postprocess time in seconds:     0.05
1




















 ************************************************************************************************************************
 ********************                                                                                ********************
 ********************               FIRST ORDER CONDITIONAL ESTIMATION WITH INTERACTION              ********************
 #OBJT:**************                       MINIMUM VALUE OF OBJECTIVE FUNCTION                      ********************
 ********************                                                                                ********************
 ************************************************************************************************************************






 #OBJV:********************************************     2631.834       **************************************************
1
 ************************************************************************************************************************
 ********************                                                                                ********************
 ********************               FIRST ORDER CONDITIONAL ESTIMATION WITH INTERACTION              ********************
 ********************                             FINAL PARAMETER ESTIMATE                           ********************
 ********************                                                                                ********************
 ************************************************************************************************************************



 THETA - VECTOR OF FIXED EFFECTS PARAMETERS   *********


         TH 1      TH 2      TH 3      TH 4      TH 5      TH 6      TH 7      TH 8

         2.55E+00  5.74E+01  4.59E+02 -8.16E-02  4.15E+00  8.79E-01 -3.87E-02 -4.05E-01



 OMEGA - COV MATRIX FOR RANDOM EFFECTS - ETAS  ********


         ETA1      ETA2

 ETA1
+        8.07E-02

 ETA2
+        0.00E+00  1.51E-01



 SIGMA - COV MATRIX FOR RANDOM EFFECTS - EPSILONS  ****


         EPS1

 EPS1
+        1.00E+00

1


 OMEGA - CORR MATRIX FOR RANDOM EFFECTS - ETAS  *******


         ETA1      ETA2

 ETA1
+        2.84E-01

 ETA2
+        0.00E+00  3.88E-01



 SIGMA - CORR MATRIX FOR RANDOM EFFECTS - EPSILONS  ***


         EPS1

 EPS1
+        1.00E+00

1
 ************************************************************************************************************************
 ********************                                                                                ********************
 ********************               FIRST ORDER CONDITIONAL ESTIMATION WITH INTERACTION              ********************
 ********************                            STANDARD ERROR OF ESTIMATE                          ********************
 ********************                                                                                ********************
 ************************************************************************************************************************



 THETA - VECTOR OF FIXED EFFECTS PARAMETERS   *********


         TH 1      TH 2      TH 3      TH 4      TH 5      TH 6      TH 7      TH 8

         1.52E-01  6.82E+00  5.80E+01  5.61E-02  1.37E+00  2.89E-01  3.26E-01  1.77E-01



 OMEGA - COV MATRIX FOR RANDOM EFFECTS - ETAS  ********


         ETA1      ETA2

 ETA1
+        2.00E-02

 ETA2
+       .........  2.62E-02



 SIGMA - COV MATRIX FOR RANDOM EFFECTS - EPSILONS  ****


         EPS1

 EPS1
+       .........

1


 OMEGA - CORR MATRIX FOR RANDOM EFFECTS - ETAS  *******


         ETA1      ETA2

 ETA1
+        3.53E-02

 ETA2
+       .........  3.38E-02



 SIGMA - CORR MATRIX FOR RANDOM EFFECTS - EPSILONS  ***


         EPS1

 EPS1
+       .........

1
 ************************************************************************************************************************
 ********************                                                                                ********************
 ********************               FIRST ORDER CONDITIONAL ESTIMATION WITH INTERACTION              ********************
 ********************                          COVARIANCE MATRIX OF ESTIMATE                         ********************
 ********************                                                                                ********************
 ************************************************************************************************************************


            TH 1      TH 2      TH 3      TH 4      TH 5      TH 6      TH 7      TH 8      OM11      OM12      OM22      SG11


 TH 1
+        2.30E-02

 TH 2
+       -3.35E-01  4.65E+01

 TH 3
+        1.06E+00 -1.35E+02  3.37E+03

 TH 4
+       -6.51E-03  4.62E-02 -2.56E-01  3.15E-03

 TH 5
+        1.60E-01 -1.48E+00  1.50E+00 -7.63E-02  1.88E+00

 TH 6
+       -1.21E-02  1.70E+00 -4.85E+00  9.14E-04 -3.34E-02  8.36E-02

 TH 7
+        1.26E-02 -7.01E-01  1.63E+01 -2.50E-03  4.19E-02 -3.03E-02  1.06E-01

 TH 8
+       -2.46E-02  4.06E-01  1.25E-01  7.18E-03 -1.78E-01  1.70E-02 -6.43E-03  3.13E-02

 OM11
+       -7.99E-04 -4.74E-02  1.08E-01  4.77E-04 -1.14E-02 -1.87E-03  9.91E-04  7.84E-04  4.01E-04

 OM12
+       ......... ......... ......... ......... ......... ......... ......... ......... ......... .........

 OM22
+       -5.18E-05  1.43E-03  1.02E-01  3.86E-04 -9.24E-03 -1.60E-03  6.44E-04 -1.93E-04  1.07E-04 .........  6.88E-04

 SG11
+       ......... ......... ......... ......... ......... ......... ......... ......... ......... ......... ......... .........

1
 ************************************************************************************************************************
 ********************                                                                                ********************
 ********************               FIRST ORDER CONDITIONAL ESTIMATION WITH INTERACTION              ********************
 ********************                          CORRELATION MATRIX OF ESTIMATE                        ********************
 ********************                                                                                ********************
 ************************************************************************************************************************


            TH 1      TH 2      TH 3      TH 4      TH 5      TH 6      TH 7      TH 8      OM11      OM12      OM22      SG11


 TH 1
+        1.52E-01

 TH 2
+       -3.24E-01  6.82E+00

 TH 3
+        1.21E-01 -3.41E-01  5.80E+01

 TH 4
+       -7.64E-01  1.21E-01 -7.87E-02  5.61E-02

 TH 5
+        7.72E-01 -1.59E-01  1.89E-02 -9.93E-01  1.37E+00

 TH 6
+       -2.75E-01  8.62E-01 -2.89E-01  5.63E-02 -8.44E-02  2.89E-01

 TH 7
+        2.54E-01 -3.16E-01  8.64E-01 -1.37E-01  9.40E-02 -3.22E-01  3.26E-01

 TH 8
+       -9.17E-01  3.36E-01  1.22E-02  7.23E-01 -7.36E-01  3.33E-01 -1.12E-01  1.77E-01

 OM11
+       -2.63E-01 -3.47E-01  9.27E-02  4.24E-01 -4.16E-01 -3.22E-01  1.52E-01  2.21E-01  2.00E-02

 OM12
+       ......... ......... ......... ......... ......... ......... ......... ......... ......... .........

 OM22
+       -1.30E-02  7.99E-03  6.72E-02  2.62E-01 -2.57E-01 -2.11E-01  7.54E-02 -4.15E-02  2.04E-01 .........  2.62E-02

 SG11
+       ......... ......... ......... ......... ......... ......... ......... ......... ......... ......... ......... .........

1
 ************************************************************************************************************************
 ********************                                                                                ********************
 ********************               FIRST ORDER CONDITIONAL ESTIMATION WITH INTERACTION              ********************
 ********************                      INVERSE COVARIANCE MATRIX OF ESTIMATE                     ********************
 ********************                                                                                ********************
 ************************************************************************************************************************


            TH 1      TH 2      TH 3      TH 4      TH 5      TH 6      TH 7      TH 8      OM11      OM12      OM22      SG11


 TH 1
+        4.04E+02

 TH 2
+        1.33E+00  2.15E-01

 TH 3
+        4.72E-02  1.60E-02  2.90E-03

 TH 4
+       -2.68E+02  7.93E+01  1.02E+01  7.47E+04

 TH 5
+       -1.85E+01  3.20E+00  4.11E-01  3.02E+03  1.24E+02

 TH 6
+       -3.63E+01 -3.18E+00 -1.65E-01 -6.78E+02 -2.77E+01  7.12E+01

 TH 7
+       -4.10E+01 -1.63E+00 -3.35E-01 -7.37E+02 -2.95E+01  2.29E+01  5.71E+01

 TH 8
+        2.63E+02 -7.75E-01 -2.03E-01 -1.13E+03 -4.16E+01 -1.88E+01 -4.10E+00  2.82E+02

 OM11
+        1.82E+02  1.46E+01  1.49E+00  5.43E+03  2.40E+02 -1.26E+02 -1.98E+02 -2.86E+01  4.74E+03

 OM12
+       ......... ......... ......... ......... ......... ......... ......... ......... ......... .........

 OM22
+       -7.78E+01 -1.25E+01 -1.02E+00 -5.04E+03 -1.83E+02  1.95E+02  9.69E+01  1.70E+02 -9.21E+02 .........  2.54E+03

 SG11
+       ......... ......... ......... ......... ......... ......... ......... ......... ......... ......... ......... .........

1




















 ************************************************************************************************************************
 ********************                                                                                ********************
 ********************               FIRST ORDER CONDITIONAL ESTIMATION WITH INTERACTION              ********************
 ********************                      EIGENVALUES OF COR MATRIX OF ESTIMATE                     ********************
 ********************                                                                                ********************
 ************************************************************************************************************************


             1         2         3         4         5         6         7         8         9        10

         2.09E-03  5.46E-02  8.55E-02  1.46E-01  3.11E-01  5.50E-01  9.97E-01  1.39E+00  2.61E+00  3.85E+00

 Elapsed finaloutput time in seconds:     0.60

